[debug] [2024-06-02T19:29:52.104Z] ----------------------------------------------------------------------
[debug] [2024-06-02T19:29:52.114Z] Command:       C:\Program Files\nodejs\node.exe C:\Users\Ritmo\AppData\Roaming\npm\node_modules\firebase-tools\lib\bin\firebase.js deploy
[debug] [2024-06-02T19:29:52.114Z] CLI Version:   13.10.0
[debug] [2024-06-02T19:29:52.115Z] Platform:      win32
[debug] [2024-06-02T19:29:52.115Z] Node Version:  v20.9.0
[debug] [2024-06-02T19:29:52.115Z] Time:          Mon Jun 03 2024 03:29:52 GMT+0800 (台北標準時間)
[debug] [2024-06-02T19:29:52.115Z] ----------------------------------------------------------------------
[debug] 
[debug] [2024-06-02T19:29:52.126Z] >>> [apiv2][query] GET https://firebase-public.firebaseio.com/cli.json [none]
[debug] [2024-06-02T19:29:52.238Z] > command requires scopes: ["email","openid","https://www.googleapis.com/auth/cloudplatformprojects.readonly","https://www.googleapis.com/auth/firebase","https://www.googleapis.com/auth/cloud-platform"]
[debug] [2024-06-02T19:29:52.238Z] > authorizing via signed-in user (jajh102098@gmail.com)
[debug] [2024-06-02T19:29:52.239Z] [iam] checking project schirzo-44fc1 for permissions ["firebase.projects.get","firebasedatabase.instances.update","firebasehosting.sites.update","firebaserules.releases.create","firebaserules.releases.update","firebaserules.rulesets.create"]
[debug] [2024-06-02T19:29:52.239Z] > refreshing access token with scopes: []
[debug] [2024-06-02T19:29:52.240Z] >>> [apiv2][query] POST https://www.googleapis.com/oauth2/v3/token [none]
[debug] [2024-06-02T19:29:52.240Z] >>> [apiv2][body] POST https://www.googleapis.com/oauth2/v3/token [omitted]
[debug] [2024-06-02T19:29:52.339Z] <<< [apiv2][status] POST https://www.googleapis.com/oauth2/v3/token 200
[debug] [2024-06-02T19:29:52.340Z] <<< [apiv2][body] POST https://www.googleapis.com/oauth2/v3/token [omitted]
[debug] [2024-06-02T19:29:52.357Z] >>> [apiv2][query] POST https://cloudresourcemanager.googleapis.com/v1/projects/schirzo-44fc1:testIamPermissions [none]
[debug] [2024-06-02T19:29:52.357Z] >>> [apiv2][(partial)header] POST https://cloudresourcemanager.googleapis.com/v1/projects/schirzo-44fc1:testIamPermissions x-goog-quota-user=projects/schirzo-44fc1
[debug] [2024-06-02T19:29:52.358Z] >>> [apiv2][body] POST https://cloudresourcemanager.googleapis.com/v1/projects/schirzo-44fc1:testIamPermissions {"permissions":["firebase.projects.get","firebasedatabase.instances.update","firebasehosting.sites.update","firebaserules.releases.create","firebaserules.releases.update","firebaserules.rulesets.create"]}
[debug] [2024-06-02T19:29:52.634Z] <<< [apiv2][status] GET https://firebase-public.firebaseio.com/cli.json 200
[debug] [2024-06-02T19:29:52.634Z] <<< [apiv2][body] GET https://firebase-public.firebaseio.com/cli.json {"cloudBuildErrorAfter":1594252800000,"cloudBuildWarnAfter":1590019200000,"defaultNode10After":1594252800000,"minVersion":"3.0.5","node8DeploysDisabledAfter":1613390400000,"node8RuntimeDisabledAfter":1615809600000,"node8WarnAfter":1600128000000}
[debug] [2024-06-02T19:29:53.416Z] <<< [apiv2][status] POST https://cloudresourcemanager.googleapis.com/v1/projects/schirzo-44fc1:testIamPermissions 200
[debug] [2024-06-02T19:29:53.416Z] <<< [apiv2][body] POST https://cloudresourcemanager.googleapis.com/v1/projects/schirzo-44fc1:testIamPermissions {"permissions":["firebase.projects.get","firebasedatabase.instances.update","firebasehosting.sites.update","firebaserules.releases.create","firebaserules.releases.update","firebaserules.rulesets.create"]}
[debug] [2024-06-02T19:29:53.417Z] >>> [apiv2][query] GET https://firebase.googleapis.com/v1beta1/projects/schirzo-44fc1 [none]
[debug] [2024-06-02T19:29:53.712Z] <<< [apiv2][status] GET https://firebase.googleapis.com/v1beta1/projects/schirzo-44fc1 200
[debug] [2024-06-02T19:29:53.712Z] <<< [apiv2][body] GET https://firebase.googleapis.com/v1beta1/projects/schirzo-44fc1 {"projectId":"schirzo-44fc1","projectNumber":"306353984498","displayName":"Schirzo","name":"projects/schirzo-44fc1","resources":{"hostingSite":"schirzo-44fc1","realtimeDatabaseInstance":"schirzo-44fc1-default-rtdb","storageBucket":"schirzo-44fc1.appspot.com","locationId":"asia-east1"},"state":"DELETED","etag":"1_1cd2ea59-aa14-470e-a1e1-292e0f809ef9"}
[debug] [2024-06-02T19:29:53.713Z] >>> [apiv2][query] GET https://firebase.googleapis.com/v1beta1/projects/schirzo-44fc1 [none]
[debug] [2024-06-02T19:29:53.943Z] <<< [apiv2][status] GET https://firebase.googleapis.com/v1beta1/projects/schirzo-44fc1 200
[debug] [2024-06-02T19:29:53.943Z] <<< [apiv2][body] GET https://firebase.googleapis.com/v1beta1/projects/schirzo-44fc1 {"projectId":"schirzo-44fc1","projectNumber":"306353984498","displayName":"Schirzo","name":"projects/schirzo-44fc1","resources":{"hostingSite":"schirzo-44fc1","realtimeDatabaseInstance":"schirzo-44fc1-default-rtdb","storageBucket":"schirzo-44fc1.appspot.com","locationId":"asia-east1"},"state":"DELETED","etag":"1_1cd2ea59-aa14-470e-a1e1-292e0f809ef9"}
[info] 
[info] === Deploying to 'schirzo-44fc1'...
[info] 
[info] i  deploying database, storage, hosting 
[info] i  database: checking rules syntax... 
[debug] [2024-06-02T19:29:53.951Z] >>> [apiv2][query] GET https://firebasedatabase.googleapis.com/v1beta/projects/schirzo-44fc1/locations/-/instances/schirzo-44fc1-default-rtdb [none]
[debug] [2024-06-02T19:29:55.345Z] <<< [apiv2][status] GET https://firebasedatabase.googleapis.com/v1beta/projects/schirzo-44fc1/locations/-/instances/schirzo-44fc1-default-rtdb 404
[debug] [2024-06-02T19:29:55.345Z] <<< [apiv2][body] GET https://firebasedatabase.googleapis.com/v1beta/projects/schirzo-44fc1/locations/-/instances/schirzo-44fc1-default-rtdb {"error":{"code":404,"message":"Project has been deleted.","status":"NOT_FOUND"}}
[debug] [2024-06-02T19:29:55.346Z] HTTP Error: 404, Project has been deleted.
[debug] [2024-06-02T19:29:55.347Z] FirebaseError: HTTP Error: 404, Project has been deleted.
    at responseToError (C:\Users\Ritmo\AppData\Roaming\npm\node_modules\firebase-tools\lib\responseToError.js:49:12)
    at RetryOperation._fn (C:\Users\Ritmo\AppData\Roaming\npm\node_modules\firebase-tools\lib\apiv2.js:305:77)
    at process.processTicksAndRejections (node:internal/process/task_queues:95:5)
[error] 
[error] Error: Failed to get instance details for instance: schirzo-44fc1-default-rtdb. See firebase-debug.log for more details.
